빌드 시작: 2015-05-16 오전 11:21:27
     1>2 노드의 "C:\Users\SeJin\Desktop\2JO_PRJ\2JO_PRJ\2JO_PRJ\2JO_PRJ.vcxproj" 프로젝트(Build 대상)입니다.
     1>ClCompile:
         C:\Program Files (x86)\Microsoft Visual Studio 12.0\VC\bin\CL.exe /c /ZI /nologo /W3 /WX- /Od /Oy- /D WIN32 /D _DEBUG /D _CONSOLE /D _LIB /D _UNICODE /D UNICODE /Gm /EHsc /RTC1 /MDd /GS /fp:precise /Zc:wchar_t /Zc:forScope /Fo"Debug\\" /Fd"Debug\vc120.pdb" /Gd /TC /analyze- /errorReport:prompt main.c
         main.c
     1>c:\users\sejin\desktop\2jo_prj\2jo_prj\2jo_prj\main.c(229): warning C4996: 'getch': The POSIX name for this item is deprecated. Instead, use the ISO C++ conformant name: _getch. See online help for details.
                 c:\program files (x86)\microsoft visual studio 12.0\vc\include\conio.h(131) : 'getch' 선언을 참조하십시오.
     1>c:\users\sejin\desktop\2jo_prj\2jo_prj\2jo_prj\main.c(291): warning C4996: 'strcpy': This function or variable may be unsafe. Consider using strcpy_s instead. To disable deprecation, use _CRT_SECURE_NO_WARNINGS. See online help for details.
                 c:\program files (x86)\microsoft visual studio 12.0\vc\include\string.h(112) : 'strcpy' 선언을 참조하십시오.
     1>c:\users\sejin\desktop\2jo_prj\2jo_prj\2jo_prj\main.c(308): warning C4996: 'strcpy': This function or variable may be unsafe. Consider using strcpy_s instead. To disable deprecation, use _CRT_SECURE_NO_WARNINGS. See online help for details.
                 c:\program files (x86)\microsoft visual studio 12.0\vc\include\string.h(112) : 'strcpy' 선언을 참조하십시오.
     1>c:\users\sejin\desktop\2jo_prj\2jo_prj\2jo_prj\main.c(311): warning C4996: 'strcpy': This function or variable may be unsafe. Consider using strcpy_s instead. To disable deprecation, use _CRT_SECURE_NO_WARNINGS. See online help for details.
                 c:\program files (x86)\microsoft visual studio 12.0\vc\include\string.h(112) : 'strcpy' 선언을 참조하십시오.
     1>c:\users\sejin\desktop\2jo_prj\2jo_prj\2jo_prj\main.c(337): warning C4996: 'strcpy': This function or variable may be unsafe. Consider using strcpy_s instead. To disable deprecation, use _CRT_SECURE_NO_WARNINGS. See online help for details.
                 c:\program files (x86)\microsoft visual studio 12.0\vc\include\string.h(112) : 'strcpy' 선언을 참조하십시오.
     1>c:\users\sejin\desktop\2jo_prj\2jo_prj\2jo_prj\main.c(345): warning C4996: 'strcpy': This function or variable may be unsafe. Consider using strcpy_s instead. To disable deprecation, use _CRT_SECURE_NO_WARNINGS. See online help for details.
                 c:\program files (x86)\microsoft visual studio 12.0\vc\include\string.h(112) : 'strcpy' 선언을 참조하십시오.
     1>c:\users\sejin\desktop\2jo_prj\2jo_prj\2jo_prj\main.c(348): warning C4996: 'strcat': This function or variable may be unsafe. Consider using strcat_s instead. To disable deprecation, use _CRT_SECURE_NO_WARNINGS. See online help for details.
                 c:\program files (x86)\microsoft visual studio 12.0\vc\include\string.h(118) : 'strcat' 선언을 참조하십시오.
     1>c:\users\sejin\desktop\2jo_prj\2jo_prj\2jo_prj\main.c(350): warning C4996: 'strcat': This function or variable may be unsafe. Consider using strcat_s instead. To disable deprecation, use _CRT_SECURE_NO_WARNINGS. See online help for details.
                 c:\program files (x86)\microsoft visual studio 12.0\vc\include\string.h(118) : 'strcat' 선언을 참조하십시오.
     1>c:\users\sejin\desktop\2jo_prj\2jo_prj\2jo_prj\main.c(353): warning C4996: 'strcat': This function or variable may be unsafe. Consider using strcat_s instead. To disable deprecation, use _CRT_SECURE_NO_WARNINGS. See online help for details.
                 c:\program files (x86)\microsoft visual studio 12.0\vc\include\string.h(118) : 'strcat' 선언을 참조하십시오.
     1>c:\users\sejin\desktop\2jo_prj\2jo_prj\2jo_prj\main.c(355): warning C4996: 'strcat': This function or variable may be unsafe. Consider using strcat_s instead. To disable deprecation, use _CRT_SECURE_NO_WARNINGS. See online help for details.
                 c:\program files (x86)\microsoft visual studio 12.0\vc\include\string.h(118) : 'strcat' 선언을 참조하십시오.
     1>c:\users\sejin\desktop\2jo_prj\2jo_prj\2jo_prj\main.c(434): warning C4996: 'kbhit': The POSIX name for this item is deprecated. Instead, use the ISO C++ conformant name: _kbhit. See online help for details.
                 c:\program files (x86)\microsoft visual studio 12.0\vc\include\conio.h(133) : 'kbhit' 선언을 참조하십시오.
     1>c:\users\sejin\desktop\2jo_prj\2jo_prj\2jo_prj\main.c(436): warning C4996: 'getch': The POSIX name for this item is deprecated. Instead, use the ISO C++ conformant name: _getch. See online help for details.
                 c:\program files (x86)\microsoft visual studio 12.0\vc\include\conio.h(131) : 'getch' 선언을 참조하십시오.
     1>c:\users\sejin\desktop\2jo_prj\2jo_prj\2jo_prj\main.c(451): warning C4996: 'strcpy': This function or variable may be unsafe. Consider using strcpy_s instead. To disable deprecation, use _CRT_SECURE_NO_WARNINGS. See online help for details.
                 c:\program files (x86)\microsoft visual studio 12.0\vc\include\string.h(112) : 'strcpy' 선언을 참조하십시오.
     1>c:\users\sejin\desktop\2jo_prj\2jo_prj\2jo_prj\main.c(464): warning C4996: 'strncat': This function or variable may be unsafe. Consider using strncat_s instead. To disable deprecation, use _CRT_SECURE_NO_WARNINGS. See online help for details.
                 c:\program files (x86)\microsoft visual studio 12.0\vc\include\string.h(186) : 'strncat' 선언을 참조하십시오.
     1>c:\users\sejin\desktop\2jo_prj\2jo_prj\2jo_prj\main.c(863): warning C4087: 'getch' : 'void' 매개 변수 목록을 사용하여 선언되었습니다.
     1>c:\users\sejin\desktop\2jo_prj\2jo_prj\2jo_prj\main.c(863): warning C4996: 'getch': The POSIX name for this item is deprecated. Instead, use the ISO C++ conformant name: _getch. See online help for details.
                 c:\program files (x86)\microsoft visual studio 12.0\vc\include\conio.h(131) : 'getch' 선언을 참조하십시오.
     1>c:\users\sejin\desktop\2jo_prj\2jo_prj\2jo_prj\main.c(966): warning C4087: 'getch' : 'void' 매개 변수 목록을 사용하여 선언되었습니다.
     1>c:\users\sejin\desktop\2jo_prj\2jo_prj\2jo_prj\main.c(966): warning C4996: 'getch': The POSIX name for this item is deprecated. Instead, use the ISO C++ conformant name: _getch. See online help for details.
                 c:\program files (x86)\microsoft visual studio 12.0\vc\include\conio.h(131) : 'getch' 선언을 참조하십시오.
     1>c:\users\sejin\desktop\2jo_prj\2jo_prj\2jo_prj\main.c(1005): warning C4013: 'time'이(가) 정의되지 않았습니다. extern은 int형을 반환하는 것으로 간주합니다.
       Link:
         C:\Program Files (x86)\Microsoft Visual Studio 12.0\VC\bin\link.exe /ERRORREPORT:PROMPT /OUT:"C:\Users\SeJin\Desktop\2JO_PRJ\2JO_PRJ\Debug\2JO_PRJ.exe" /INCREMENTAL /NOLOGO kernel32.lib user32.lib gdi32.lib winspool.lib comdlg32.lib advapi32.lib shell32.lib ole32.lib oleaut32.lib uuid.lib odbc32.lib odbccp32.lib /MANIFEST /MANIFESTUAC:"level='asInvoker' uiAccess='false'" /manifest:embed /DEBUG /PDB:"C:\Users\SeJin\Desktop\2JO_PRJ\2JO_PRJ\Debug\2JO_PRJ.pdb" /SUBSYSTEM:CONSOLE /TLBID:1 /DYNAMICBASE /NXCOMPAT /IMPLIB:"C:\Users\SeJin\Desktop\2JO_PRJ\2JO_PRJ\Debug\2JO_PRJ.lib" /MACHINE:X86 Debug\main.obj
         2JO_PRJ.vcxproj -> C:\Users\SeJin\Desktop\2JO_PRJ\2JO_PRJ\Debug\2JO_PRJ.exe
     1>"C:\Users\SeJin\Desktop\2JO_PRJ\2JO_PRJ\2JO_PRJ\2JO_PRJ.vcxproj" 프로젝트를 빌드했습니다(Build 대상).

빌드했습니다.

경과 시간: 00:00:00.79
